INFO  11.01.2018 19:46:51  Trying to initialize repositories from: 
    C:\crescendo-magnolia-challenge-master\crescendo-magnolia-challenge\crescendo-magnolia-challenge-webapp\target\crescendo-magnolia-challenge-webapp-1.0-SNAPSHOT\WEB-INF\bootstrap\author
    C:\crescendo-magnolia-challenge-master\crescendo-magnolia-challenge\crescendo-magnolia-challenge-webapp\target\crescendo-magnolia-challenge-webapp-1.0-SNAPSHOT\WEB-INF\bootstrap\common
INFO  11.01.2018 19:46:51  Repository [dam] has been initialized.
INFO  11.01.2018 19:46:51  Repository [forum] has been initialized.
INFO  11.01.2018 19:46:51  Repository [contacts] has been initialized.
INFO  11.01.2018 19:46:51  Repository [usergroups] has been initialized.
INFO  11.01.2018 19:46:51  Repository [magnolia-mgnlSystem] has been initialized.
INFO  11.01.2018 19:46:51  Repository [scripts] has been initialized.
INFO  11.01.2018 19:46:51  Repository [website] has been initialized.
INFO  11.01.2018 19:46:51  Repository [magnolia-mgnlVersion] has been initialized.
INFO  11.01.2018 19:46:51  Repository [userroles] has been initialized.
INFO  11.01.2018 19:46:51  Repository [googleSitemaps] has been initialized.
INFO  11.01.2018 19:46:51  Repository [profiles] has been initialized.
INFO  11.01.2018 19:46:51  Repository [users] has been initialized.
INFO  11.01.2018 19:46:51  Repository [tasks] has been initialized.
INFO  11.01.2018 19:46:51  Repository [imaging] has been initialized.
INFO  11.01.2018 19:46:51  Repository [category] has been initialized.
INFO  11.01.2018 19:46:51  Repository [rss] has been initialized.
INFO  11.01.2018 19:46:51  Repository [default] has been initialized.
INFO  11.01.2018 19:46:51  Repository [resources] has been initialized.
INFO  11.01.2018 19:46:51  Repository [messages] has been initialized.
INFO  11.01.2018 19:46:51  Repository [config] has been initialized.
INFO  11.01.2018 19:46:51  Repository [dms] has been initialized.
